{"/home/mmagrinelli/vial_project/backend/src/application/subject/CreateSubjectUseCase.ts": {"path":"/home/mmagrinelli/vial_project/backend/src/application/subject/CreateSubjectUseCase.ts","all":false,"statementMap":{"0":{"start":{"line":1,"column":0},"end":{"line":1,"column":51}},"1":{"start":{"line":2,"column":0},"end":{"line":2,"column":65}},"2":{"start":{"line":3,"column":0},"end":{"line":3,"column":72}},"3":{"start":{"line":4,"column":0},"end":{"line":4,"column":0}},"4":{"start":{"line":5,"column":0},"end":{"line":5,"column":43}},"5":{"start":{"line":6,"column":0},"end":{"line":6,"column":0}},"6":{"start":{"line":7,"column":0},"end":{"line":7,"column":53}},"7":{"start":{"line":8,"column":0},"end":{"line":8,"column":0}},"8":{"start":{"line":9,"column":0},"end":{"line":9,"column":56}},"9":{"start":{"line":10,"column":0},"end":{"line":10,"column":95}},"10":{"start":{"line":11,"column":0},"end":{"line":11,"column":51}},"11":{"start":{"line":12,"column":0},"end":{"line":12,"column":5}},"12":{"start":{"line":13,"column":0},"end":{"line":13,"column":0}},"13":{"start":{"line":14,"column":0},"end":{"line":14,"column":1}}},"s":{"0":1,"1":1,"2":1,"3":1,"4":1,"5":1,"6":1,"7":1,"8":1,"9":2,"10":2,"11":2,"12":1,"13":1},"branchMap":{"0":{"type":"branch","line":7,"loc":{"start":{"line":7,"column":4},"end":{"line":7,"column":53}},"locations":[{"start":{"line":7,"column":4},"end":{"line":7,"column":53}}]},"1":{"type":"branch","line":9,"loc":{"start":{"line":9,"column":10},"end":{"line":12,"column":5}},"locations":[{"start":{"line":9,"column":10},"end":{"line":12,"column":5}}]}},"b":{"0":[2],"1":[2]},"fnMap":{"0":{"name":"CreateSubjectUseCase","decl":{"start":{"line":7,"column":4},"end":{"line":7,"column":53}},"loc":{"start":{"line":7,"column":4},"end":{"line":7,"column":53}},"line":7},"1":{"name":"execute","decl":{"start":{"line":9,"column":10},"end":{"line":12,"column":5}},"loc":{"start":{"line":9,"column":10},"end":{"line":12,"column":5}},"line":9}},"f":{"0":2,"1":2}}
,"/home/mmagrinelli/vial_project/backend/src/application/subject/UpdateSubjectUseCase.ts": {"path":"/home/mmagrinelli/vial_project/backend/src/application/subject/UpdateSubjectUseCase.ts","all":false,"statementMap":{"0":{"start":{"line":1,"column":0},"end":{"line":1,"column":51}},"1":{"start":{"line":2,"column":0},"end":{"line":2,"column":65}},"2":{"start":{"line":3,"column":0},"end":{"line":3,"column":53}},"3":{"start":{"line":4,"column":0},"end":{"line":4,"column":0}},"4":{"start":{"line":5,"column":0},"end":{"line":5,"column":43}},"5":{"start":{"line":6,"column":0},"end":{"line":6,"column":0}},"6":{"start":{"line":7,"column":0},"end":{"line":7,"column":53}},"7":{"start":{"line":8,"column":0},"end":{"line":8,"column":0}},"8":{"start":{"line":9,"column":0},"end":{"line":9,"column":83}},"9":{"start":{"line":10,"column":0},"end":{"line":10,"column":57}},"10":{"start":{"line":11,"column":0},"end":{"line":11,"column":21}},"11":{"start":{"line":12,"column":0},"end":{"line":12,"column":77}},"12":{"start":{"line":13,"column":0},"end":{"line":13,"column":25}},"13":{"start":{"line":14,"column":0},"end":{"line":14,"column":13}},"14":{"start":{"line":15,"column":0},"end":{"line":15,"column":137}},"15":{"start":{"line":16,"column":0},"end":{"line":16,"column":94}},"16":{"start":{"line":17,"column":0},"end":{"line":17,"column":37}},"17":{"start":{"line":18,"column":0},"end":{"line":18,"column":22}},"18":{"start":{"line":19,"column":0},"end":{"line":19,"column":6}},"19":{"start":{"line":20,"column":0},"end":{"line":20,"column":1}},"20":{"start":{"line":21,"column":0},"end":{"line":21,"column":0}},"21":{"start":{"line":22,"column":0},"end":{"line":22,"column":19}},"22":{"start":{"line":23,"column":0},"end":{"line":23,"column":18}},"23":{"start":{"line":24,"column":0},"end":{"line":24,"column":18}},"24":{"start":{"line":25,"column":0},"end":{"line":25,"column":23}},"25":{"start":{"line":26,"column":0},"end":{"line":26,"column":24}},"26":{"start":{"line":27,"column":0},"end":{"line":27,"column":1}}},"s":{"0":1,"1":1,"2":1,"3":1,"4":1,"5":1,"6":1,"7":1,"8":1,"9":1,"10":1,"11":0,"12":0,"13":1,"14":1,"15":1,"16":1,"17":1,"18":1,"19":1,"20":1,"21":1,"22":1,"23":1,"24":1,"25":1,"26":1},"branchMap":{"0":{"type":"branch","line":7,"loc":{"start":{"line":7,"column":4},"end":{"line":7,"column":53}},"locations":[{"start":{"line":7,"column":4},"end":{"line":7,"column":53}}]},"1":{"type":"branch","line":9,"loc":{"start":{"line":9,"column":10},"end":{"line":19,"column":6}},"locations":[{"start":{"line":9,"column":10},"end":{"line":19,"column":6}}]},"2":{"type":"branch","line":11,"loc":{"start":{"line":11,"column":20},"end":{"line":14,"column":9}},"locations":[{"start":{"line":11,"column":20},"end":{"line":14,"column":9}}]}},"b":{"0":[1],"1":[1],"2":[0]},"fnMap":{"0":{"name":"UpdateSubjectUseCase","decl":{"start":{"line":7,"column":4},"end":{"line":7,"column":53}},"loc":{"start":{"line":7,"column":4},"end":{"line":7,"column":53}},"line":7},"1":{"name":"execute","decl":{"start":{"line":9,"column":10},"end":{"line":19,"column":6}},"loc":{"start":{"line":9,"column":10},"end":{"line":19,"column":6}},"line":9}},"f":{"0":1,"1":1}}
,"/home/mmagrinelli/vial_project/backend/src/domain/subject/Subject.ts": {"path":"/home/mmagrinelli/vial_project/backend/src/domain/subject/Subject.ts","all":false,"statementMap":{"0":{"start":{"line":1,"column":0},"end":{"line":1,"column":53}},"1":{"start":{"line":2,"column":0},"end":{"line":2,"column":0}},"2":{"start":{"line":3,"column":0},"end":{"line":3,"column":30}},"3":{"start":{"line":4,"column":0},"end":{"line":4,"column":0}},"4":{"start":{"line":5,"column":0},"end":{"line":5,"column":16}},"5":{"start":{"line":6,"column":0},"end":{"line":6,"column":27}},"6":{"start":{"line":7,"column":0},"end":{"line":7,"column":29}},"7":{"start":{"line":8,"column":0},"end":{"line":8,"column":29}},"8":{"start":{"line":9,"column":0},"end":{"line":9,"column":34}},"9":{"start":{"line":10,"column":0},"end":{"line":10,"column":34}},"10":{"start":{"line":11,"column":0},"end":{"line":11,"column":32}},"11":{"start":{"line":12,"column":0},"end":{"line":12,"column":41}},"12":{"start":{"line":13,"column":0},"end":{"line":13,"column":0}},"13":{"start":{"line":14,"column":0},"end":{"line":14,"column":100}},"14":{"start":{"line":15,"column":0},"end":{"line":15,"column":39}},"15":{"start":{"line":16,"column":0},"end":{"line":16,"column":37}},"16":{"start":{"line":17,"column":0},"end":{"line":17,"column":84}},"17":{"start":{"line":18,"column":0},"end":{"line":18,"column":5}},"18":{"start":{"line":19,"column":0},"end":{"line":19,"column":0}},"19":{"start":{"line":20,"column":0},"end":{"line":20,"column":155}},"20":{"start":{"line":21,"column":0},"end":{"line":21,"column":93}},"21":{"start":{"line":22,"column":0},"end":{"line":22,"column":5}},"22":{"start":{"line":23,"column":0},"end":{"line":23,"column":4}},"23":{"start":{"line":24,"column":0},"end":{"line":24,"column":88}},"24":{"start":{"line":25,"column":0},"end":{"line":25,"column":34}},"25":{"start":{"line":26,"column":0},"end":{"line":26,"column":30}},"26":{"start":{"line":27,"column":0},"end":{"line":27,"column":9}},"27":{"start":{"line":28,"column":0},"end":{"line":28,"column":33}},"28":{"start":{"line":29,"column":0},"end":{"line":29,"column":28}},"29":{"start":{"line":30,"column":0},"end":{"line":30,"column":9}},"30":{"start":{"line":31,"column":0},"end":{"line":31,"column":41}},"31":{"start":{"line":32,"column":0},"end":{"line":32,"column":44}},"32":{"start":{"line":33,"column":0},"end":{"line":33,"column":9}},"33":{"start":{"line":34,"column":0},"end":{"line":34,"column":36}},"34":{"start":{"line":35,"column":0},"end":{"line":35,"column":34}},"35":{"start":{"line":36,"column":0},"end":{"line":36,"column":9}},"36":{"start":{"line":37,"column":0},"end":{"line":37,"column":36}},"37":{"start":{"line":38,"column":0},"end":{"line":38,"column":20}},"38":{"start":{"line":39,"column":0},"end":{"line":39,"column":5}},"39":{"start":{"line":40,"column":0},"end":{"line":40,"column":1}}},"s":{"0":1,"1":1,"2":1,"3":1,"4":1,"5":4,"6":4,"7":4,"8":4,"9":4,"10":4,"11":4,"12":1,"13":1,"14":3,"15":3,"16":3,"17":3,"18":1,"19":1,"20":1,"21":1,"22":1,"23":1,"24":2,"25":2,"26":2,"27":2,"28":2,"29":2,"30":2,"31":2,"32":2,"33":2,"34":2,"35":2,"36":2,"37":2,"38":2,"39":1},"branchMap":{"0":{"type":"branch","line":5,"loc":{"start":{"line":5,"column":4},"end":{"line":12,"column":41}},"locations":[{"start":{"line":5,"column":4},"end":{"line":12,"column":41}}]},"1":{"type":"branch","line":14,"loc":{"start":{"line":14,"column":11},"end":{"line":18,"column":5}},"locations":[{"start":{"line":14,"column":11},"end":{"line":18,"column":5}}]},"2":{"type":"branch","line":20,"loc":{"start":{"line":20,"column":11},"end":{"line":22,"column":5}},"locations":[{"start":{"line":20,"column":11},"end":{"line":22,"column":5}}]},"3":{"type":"branch","line":24,"loc":{"start":{"line":24,"column":4},"end":{"line":39,"column":5}},"locations":[{"start":{"line":24,"column":4},"end":{"line":39,"column":5}}]}},"b":{"0":[4],"1":[3],"2":[1],"3":[2]},"fnMap":{"0":{"name":"Subject","decl":{"start":{"line":5,"column":4},"end":{"line":12,"column":41}},"loc":{"start":{"line":5,"column":4},"end":{"line":12,"column":41}},"line":5},"1":{"name":"create","decl":{"start":{"line":14,"column":11},"end":{"line":18,"column":5}},"loc":{"start":{"line":14,"column":11},"end":{"line":18,"column":5}},"line":14},"2":{"name":"with","decl":{"start":{"line":20,"column":11},"end":{"line":22,"column":5}},"loc":{"start":{"line":20,"column":11},"end":{"line":22,"column":5}},"line":20},"3":{"name":"update","decl":{"start":{"line":24,"column":4},"end":{"line":39,"column":5}},"loc":{"start":{"line":24,"column":4},"end":{"line":39,"column":5}},"line":24}},"f":{"0":4,"1":3,"2":1,"3":2}}
,"/home/mmagrinelli/vial_project/backend/src/infrastructure/subject/SujectInMemoryGateway.ts": {"path":"/home/mmagrinelli/vial_project/backend/src/infrastructure/subject/SujectInMemoryGateway.ts","all":false,"statementMap":{"0":{"start":{"line":1,"column":0},"end":{"line":1,"column":62}},"1":{"start":{"line":2,"column":0},"end":{"line":2,"column":51}},"2":{"start":{"line":3,"column":0},"end":{"line":3,"column":65}},"3":{"start":{"line":4,"column":0},"end":{"line":4,"column":0}},"4":{"start":{"line":5,"column":0},"end":{"line":5,"column":71}},"5":{"start":{"line":6,"column":0},"end":{"line":6,"column":0}},"6":{"start":{"line":7,"column":0},"end":{"line":7,"column":39}},"7":{"start":{"line":8,"column":0},"end":{"line":8,"column":0}},"8":{"start":{"line":9,"column":0},"end":{"line":9,"column":20}},"9":{"start":{"line":10,"column":0},"end":{"line":10,"column":0}},"10":{"start":{"line":11,"column":0},"end":{"line":11,"column":55}},"11":{"start":{"line":12,"column":0},"end":{"line":12,"column":33}},"12":{"start":{"line":13,"column":0},"end":{"line":13,"column":24}},"13":{"start":{"line":14,"column":0},"end":{"line":14,"column":5}},"14":{"start":{"line":15,"column":0},"end":{"line":15,"column":0}},"15":{"start":{"line":16,"column":0},"end":{"line":16,"column":51}},"16":{"start":{"line":17,"column":0},"end":{"line":17,"column":69}},"17":{"start":{"line":18,"column":0},"end":{"line":18,"column":5}},"18":{"start":{"line":19,"column":0},"end":{"line":19,"column":0}},"19":{"start":{"line":20,"column":0},"end":{"line":20,"column":55}},"20":{"start":{"line":21,"column":0},"end":{"line":21,"column":78}},"21":{"start":{"line":22,"column":0},"end":{"line":22,"column":92}},"22":{"start":{"line":23,"column":0},"end":{"line":23,"column":24}},"23":{"start":{"line":24,"column":0},"end":{"line":24,"column":5}},"24":{"start":{"line":25,"column":0},"end":{"line":25,"column":0}},"25":{"start":{"line":26,"column":0},"end":{"line":26,"column":66}},"26":{"start":{"line":27,"column":0},"end":{"line":27,"column":42}},"27":{"start":{"line":28,"column":0},"end":{"line":28,"column":50}},"28":{"start":{"line":29,"column":0},"end":{"line":29,"column":51}},"29":{"start":{"line":30,"column":0},"end":{"line":30,"column":67}},"30":{"start":{"line":31,"column":0},"end":{"line":31,"column":58}},"31":{"start":{"line":32,"column":0},"end":{"line":32,"column":5}},"32":{"start":{"line":33,"column":0},"end":{"line":33,"column":0}},"33":{"start":{"line":34,"column":0},"end":{"line":34,"column":64}},"34":{"start":{"line":35,"column":0},"end":{"line":35,"column":62}},"35":{"start":{"line":36,"column":0},"end":{"line":36,"column":5}},"36":{"start":{"line":37,"column":0},"end":{"line":37,"column":0}},"37":{"start":{"line":38,"column":0},"end":{"line":38,"column":61}},"38":{"start":{"line":39,"column":0},"end":{"line":39,"column":42}},"39":{"start":{"line":40,"column":0},"end":{"line":40,"column":46}},"40":{"start":{"line":41,"column":0},"end":{"line":41,"column":47}},"41":{"start":{"line":42,"column":0},"end":{"line":42,"column":63}},"42":{"start":{"line":43,"column":0},"end":{"line":43,"column":61}},"43":{"start":{"line":44,"column":0},"end":{"line":44,"column":5}},"44":{"start":{"line":45,"column":0},"end":{"line":45,"column":0}},"45":{"start":{"line":46,"column":0},"end":{"line":46,"column":0}},"46":{"start":{"line":47,"column":0},"end":{"line":47,"column":1}}},"s":{"0":1,"1":1,"2":1,"3":1,"4":1,"5":1,"6":1,"7":1,"8":1,"9":1,"10":1,"11":2,"12":2,"13":2,"14":1,"15":1,"16":0,"17":0,"18":1,"19":1,"20":1,"21":1,"22":1,"23":1,"24":1,"25":1,"26":0,"27":0,"28":0,"29":0,"30":0,"31":0,"32":1,"33":1,"34":1,"35":1,"36":1,"37":1,"38":0,"39":0,"40":0,"41":0,"42":0,"43":0,"44":1,"45":1,"46":1},"branchMap":{"0":{"type":"branch","line":9,"loc":{"start":{"line":9,"column":4},"end":{"line":9,"column":20}},"locations":[{"start":{"line":9,"column":4},"end":{"line":9,"column":20}}]},"1":{"type":"branch","line":11,"loc":{"start":{"line":11,"column":10},"end":{"line":14,"column":5}},"locations":[{"start":{"line":11,"column":10},"end":{"line":14,"column":5}}]},"2":{"type":"branch","line":20,"loc":{"start":{"line":20,"column":10},"end":{"line":24,"column":5}},"locations":[{"start":{"line":20,"column":10},"end":{"line":24,"column":5}}]},"3":{"type":"branch","line":22,"loc":{"start":{"line":22,"column":15},"end":{"line":22,"column":17}},"locations":[{"start":{"line":22,"column":15},"end":{"line":22,"column":17}}]},"4":{"type":"branch","line":21,"loc":{"start":{"line":21,"column":39},"end":{"line":21,"column":76}},"locations":[{"start":{"line":21,"column":39},"end":{"line":21,"column":76}}]},"5":{"type":"branch","line":34,"loc":{"start":{"line":34,"column":10},"end":{"line":36,"column":5}},"locations":[{"start":{"line":34,"column":10},"end":{"line":36,"column":5}}]},"6":{"type":"branch","line":35,"loc":{"start":{"line":35,"column":30},"end":{"line":35,"column":60}},"locations":[{"start":{"line":35,"column":30},"end":{"line":35,"column":60}}]}},"b":{"0":[2],"1":[2],"2":[1],"3":[0],"4":[1],"5":[1],"6":[1]},"fnMap":{"0":{"name":"SubjectInMemoryGateway","decl":{"start":{"line":9,"column":4},"end":{"line":9,"column":20}},"loc":{"start":{"line":9,"column":4},"end":{"line":9,"column":20}},"line":9},"1":{"name":"create","decl":{"start":{"line":11,"column":10},"end":{"line":14,"column":5}},"loc":{"start":{"line":11,"column":10},"end":{"line":14,"column":5}},"line":11},"2":{"name":"deleteById","decl":{"start":{"line":16,"column":10},"end":{"line":18,"column":5}},"loc":{"start":{"line":16,"column":10},"end":{"line":18,"column":5}},"line":16},"3":{"name":"update","decl":{"start":{"line":20,"column":10},"end":{"line":24,"column":5}},"loc":{"start":{"line":20,"column":10},"end":{"line":24,"column":5}},"line":20},"4":{"name":"findAll","decl":{"start":{"line":26,"column":10},"end":{"line":32,"column":5}},"loc":{"start":{"line":26,"column":10},"end":{"line":32,"column":5}},"line":26},"5":{"name":"findById","decl":{"start":{"line":34,"column":10},"end":{"line":36,"column":5}},"loc":{"start":{"line":34,"column":10},"end":{"line":36,"column":5}},"line":34},"6":{"name":"count","decl":{"start":{"line":38,"column":10},"end":{"line":44,"column":5}},"loc":{"start":{"line":38,"column":10},"end":{"line":44,"column":5}},"line":38}},"f":{"0":2,"1":2,"2":0,"3":1,"4":0,"5":1,"6":0}}
}
