TN:
SF:src/application/subject/CreateSubjectUseCase.ts
FN:7,CreateSubjectUseCase
FN:9,execute
FNF:2
FNH:2
FNDA:2,CreateSubjectUseCase
FNDA:2,execute
DA:1,1
DA:2,1
DA:3,1
DA:4,1
DA:5,1
DA:6,1
DA:7,1
DA:8,1
DA:9,1
DA:10,2
DA:11,2
DA:12,2
DA:13,1
DA:14,1
LF:14
LH:14
BRDA:7,0,0,2
BRDA:9,1,0,2
BRF:2
BRH:2
end_of_record
TN:
SF:src/application/subject/UpdateSubjectUseCase.ts
FN:7,UpdateSubjectUseCase
FN:9,execute
FNF:2
FNH:2
FNDA:1,UpdateSubjectUseCase
FNDA:1,execute
DA:1,1
DA:2,1
DA:3,1
DA:4,1
DA:5,1
DA:6,1
DA:7,1
DA:8,1
DA:9,1
DA:10,1
DA:11,1
DA:12,0
DA:13,0
DA:14,1
DA:15,1
DA:16,1
DA:17,1
DA:18,1
DA:19,1
DA:20,1
DA:21,1
DA:22,1
DA:23,1
DA:24,1
DA:25,1
DA:26,1
DA:27,1
LF:27
LH:25
BRDA:7,0,0,1
BRDA:9,1,0,1
BRDA:11,2,0,0
BRF:3
BRH:2
end_of_record
TN:
SF:src/domain/subject/Subject.ts
FN:5,Subject
FN:14,create
FN:20,with
FN:24,update
FNF:4
FNH:4
FNDA:4,Subject
FNDA:3,create
FNDA:1,with
FNDA:2,update
DA:1,1
DA:2,1
DA:3,1
DA:4,1
DA:5,1
DA:6,4
DA:7,4
DA:8,4
DA:9,4
DA:10,4
DA:11,4
DA:12,4
DA:13,1
DA:14,1
DA:15,3
DA:16,3
DA:17,3
DA:18,3
DA:19,1
DA:20,1
DA:21,1
DA:22,1
DA:23,1
DA:24,1
DA:25,2
DA:26,2
DA:27,2
DA:28,2
DA:29,2
DA:30,2
DA:31,2
DA:32,2
DA:33,2
DA:34,2
DA:35,2
DA:36,2
DA:37,2
DA:38,2
DA:39,2
DA:40,1
LF:40
LH:40
BRDA:5,0,0,4
BRDA:14,1,0,3
BRDA:20,2,0,1
BRDA:24,3,0,2
BRF:4
BRH:4
end_of_record
TN:
SF:src/infrastructure/subject/SujectInMemoryGateway.ts
FN:9,SubjectInMemoryGateway
FN:11,create
FN:16,deleteById
FN:20,update
FN:26,findAll
FN:34,findById
FN:38,count
FNF:7
FNH:4
FNDA:2,SubjectInMemoryGateway
FNDA:2,create
FNDA:0,deleteById
FNDA:1,update
FNDA:0,findAll
FNDA:1,findById
FNDA:0,count
DA:1,1
DA:2,1
DA:3,1
DA:4,1
DA:5,1
DA:6,1
DA:7,1
DA:8,1
DA:9,1
DA:10,1
DA:11,1
DA:12,2
DA:13,2
DA:14,2
DA:15,1
DA:16,1
DA:17,0
DA:18,0
DA:19,1
DA:20,1
DA:21,1
DA:22,1
DA:23,1
DA:24,1
DA:25,1
DA:26,1
DA:27,0
DA:28,0
DA:29,0
DA:30,0
DA:31,0
DA:32,0
DA:33,1
DA:34,1
DA:35,1
DA:36,1
DA:37,1
DA:38,1
DA:39,0
DA:40,0
DA:41,0
DA:42,0
DA:43,0
DA:44,0
DA:45,1
DA:46,1
DA:47,1
LF:47
LH:33
BRDA:9,0,0,2
BRDA:11,1,0,2
BRDA:20,2,0,1
BRDA:22,3,0,0
BRDA:21,4,0,1
BRDA:34,5,0,1
BRDA:35,6,0,1
BRF:7
BRH:6
end_of_record
